<?xml version="1.0" encoding="UTF-8"?>
<testsuite name="com.siigo.qa.runners.CarritoDeCompras" tests="0" skipped="0" failures="0" errors="0" timestamp="1970-01-01T00:00:00" hostname="DESKTOP-NLFAVQD" time="0.0">
  <properties/>
  <system-out><![CDATA[01:56:55.192 [Test worker] DEBUG net.thucydides.core.util.PropertiesFileLocalPreferences - LOADING LOCAL PROPERTIES FROM C:\repo\siigo\serenity.properties 
01:56:55.212 [Test worker] DEBUG net.thucydides.core.util.PropertiesFileLocalPreferences - LOADING LOCAL PROPERTIES FROM C:\repo\siigo\serenity.properties 
01:56:55.213 [Test worker] DEBUG net.thucydides.core.util.PropertiesFileLocalPreferences - LOADING LOCAL PROPERTIES FROM C:\repo\siigo\serenity.properties 
01:56:55.223 [Test worker] DEBUG net.thucydides.core.util.PropertiesFileLocalPreferences - serenity.take.screenshots.for.interactions=FOR_FAILURES
01:56:55.224 [Test worker] DEBUG net.thucydides.core.util.PropertiesFileLocalPreferences - webdriver.driver=chrome
01:56:55.224 [Test worker] DEBUG net.thucydides.core.util.PropertiesFileLocalPreferences - chrome.capabilities.incognito=true
01:56:55.224 [Test worker] DEBUG net.thucydides.core.util.PropertiesFileLocalPreferences - webdriver.chrome.driver=C:\repo\siigo\src\test\resources\drivers\chromedriver.exe
01:56:55.224 [Test worker] DEBUG net.thucydides.core.util.PropertiesFileLocalPreferences - serenity.take.screenshots.for.questions=AFTER_EACH_STEP
01:56:55.224 [Test worker] DEBUG net.thucydides.core.util.PropertiesFileLocalPreferences - serenity.test.root=starter
01:56:55.224 [Test worker] DEBUG net.thucydides.core.util.PropertiesFileLocalPreferences - chrome.capabilities.acceptSslCerts=true
01:56:55.224 [Test worker] DEBUG net.thucydides.core.util.PropertiesFileLocalPreferences - serenity.console.colors=true
01:56:55.224 [Test worker] DEBUG net.thucydides.core.util.PropertiesFileLocalPreferences - chrome_preferences.pdfjs.disabled=true
01:56:55.225 [Test worker] DEBUG net.thucydides.core.util.PropertiesFileLocalPreferences - serenity.project.name=Prueba Tecnica Siigo - Elvis Perez
01:56:55.225 [Test worker] DEBUG net.thucydides.core.util.PropertiesFileLocalPreferences - serenity.take.screenshots.for.tasks=AFTER_EACH_STEP
01:56:55.225 [Test worker] DEBUG net.thucydides.core.util.PropertiesFileLocalPreferences - serenity.use.unique.browser=true
01:56:55.225 [Test worker] DEBUG net.thucydides.core.util.PropertiesFileLocalPreferences - chrome_preferences.profile_default_content_settings.popups=0
01:56:55.225 [Test worker] DEBUG net.thucydides.core.util.PropertiesFileLocalPreferences - serenity.base.url=https://www.phptravels.net
01:56:55.225 [Test worker] DEBUG net.thucydides.core.util.PropertiesFileLocalPreferences - serenity.browser.maximized=true
01:56:55.459 [Test worker] INFO io.cucumber.core.plugin.SerenityReporter - Running feature from file:///C:/repo/siigo/src/test/resources/features/carrito_de_compras.feature
01:56:55.624 [Test worker] DEBUG net.thucydides.core.util.PropertiesFileLocalPreferences - LOADING LOCAL PROPERTIES FROM C:\repo\siigo\serenity.properties 
01:56:55.629 [Test worker] DEBUG net.thucydides.core.util.PropertiesFileLocalPreferences - LOADING LOCAL PROPERTIES FROM C:\repo\siigo\serenity.properties 
01:56:55.629 [Test worker] DEBUG net.thucydides.core.util.PropertiesFileLocalPreferences - LOADING LOCAL PROPERTIES FROM C:\repo\siigo\serenity.properties 
01:56:55.630 [Test worker] DEBUG net.thucydides.core.util.PropertiesFileLocalPreferences - serenity.take.screenshots.for.interactions=FOR_FAILURES
01:56:55.630 [Test worker] DEBUG net.thucydides.core.util.PropertiesFileLocalPreferences - webdriver.driver=chrome
01:56:55.630 [Test worker] DEBUG net.thucydides.core.util.PropertiesFileLocalPreferences - chrome.capabilities.incognito=true
01:56:55.630 [Test worker] DEBUG net.thucydides.core.util.PropertiesFileLocalPreferences - webdriver.chrome.driver=C:\repo\siigo\src\test\resources\drivers\chromedriver.exe
01:56:55.631 [Test worker] DEBUG net.thucydides.core.util.PropertiesFileLocalPreferences - serenity.take.screenshots.for.questions=AFTER_EACH_STEP
01:56:55.631 [Test worker] DEBUG net.thucydides.core.util.PropertiesFileLocalPreferences - serenity.test.root=starter
01:56:55.631 [Test worker] DEBUG net.thucydides.core.util.PropertiesFileLocalPreferences - chrome.capabilities.acceptSslCerts=true
01:56:55.631 [Test worker] DEBUG net.thucydides.core.util.PropertiesFileLocalPreferences - serenity.console.colors=true
01:56:55.631 [Test worker] DEBUG net.thucydides.core.util.PropertiesFileLocalPreferences - chrome_preferences.pdfjs.disabled=true
01:56:55.631 [Test worker] DEBUG net.thucydides.core.util.PropertiesFileLocalPreferences - serenity.project.name=Prueba Tecnica Siigo - Elvis Perez
01:56:55.631 [Test worker] DEBUG net.thucydides.core.util.PropertiesFileLocalPreferences - serenity.take.screenshots.for.tasks=AFTER_EACH_STEP
01:56:55.631 [Test worker] DEBUG net.thucydides.core.util.PropertiesFileLocalPreferences - serenity.use.unique.browser=true
01:56:55.632 [Test worker] DEBUG net.thucydides.core.util.PropertiesFileLocalPreferences - chrome_preferences.profile_default_content_settings.popups=0
01:56:55.632 [Test worker] DEBUG net.thucydides.core.util.PropertiesFileLocalPreferences - serenity.base.url=https://www.phptravels.net
01:56:55.632 [Test worker] DEBUG net.thucydides.core.util.PropertiesFileLocalPreferences - serenity.browser.maximized=true
01:56:55.638 [Test worker] INFO  - ?[96m

-------------------------------------------------------------------------------------
     _______. _______ .______       _______ .__   __.  __  .___________.____    ____ 
    /       ||   ____||   _  \     |   ____||  \ |  | |  | |           |\   \  /   / 
   |   (----`|  |__   |  |_)  |    |  |__   |   \|  | |  | `---|  |----` \   \/   /  
    \   \    |   __|  |      /     |   __|  |  . `  | |  |     |  |       \_    _/   
.----)   |   |  |____ |  |\  \----.|  |____ |  |\   | |  |     |  |         |  |     
|_______/    |_______|| _| `._____||_______||__| \__| |__|     |__|         |__|    
                                                                                     
 News and tutorials at http://www.serenity-bdd.info                                  
 Documentation at https://wakaleo.gitbooks.io/the-serenity-book/content/             
 Join the Serenity Community on Gitter: https://gitter.im/serenity-bdd/serenity-core 
 Serenity BDD Support and Training at http://serenity-bdd.info/#/trainingandsupport  
-------------------------------------------------------------------------------------
?[0m
01:56:55.641 [Test worker] DEBUG net.thucydides.core.steps.StepEventBus - Test suite started for story net.thucydides.core.model.Story@59c4c248
01:56:55.642 [Test worker] INFO  - Test Suite Started: Carrito de compras

1 Scenarios (?[32m1 passed?[0m)
5 Steps (?[32m5 passed?[0m)
0m34.109s


01:57:29.566 [Test worker] DEBUG net.thucydides.core.reports.ReportService - Reporting formats: [JSON, HTML]
01:57:29.619 [Test worker] DEBUG net.thucydides.core.reports.ReportService - Reporting formats: [JSON, HTML]
01:57:29.626 [Test worker] DEBUG net.thucydides.core.reports.ReportService - Generating reports for 1 test outcomes using: net.thucydides.core.reports.json.JSONTestOutcomeReporter@291f70a0
01:57:29.627 [pool-1-thread-1] DEBUG net.thucydides.core.reports.ReportService - Processing test outcome Carrito de compras:Modificar pedido desde la bolsa de productos
01:57:29.627 [pool-1-thread-1] INFO net.thucydides.core.reports.ReportService - net.thucydides.core.reports.json.JSONTestOutcomeReporter@291f70a0: Generating report for test outcome: Carrito de compras:Modificar pedido desde la bolsa de productos
01:57:29.629 [pool-1-thread-1] DEBUG net.thucydides.core.reports.json.JSONTestOutcomeReporter - Generating JSON report for Modificar pedido desde la bolsa de productos to file C:\repo\siigo\target\site\serenity\b0524c84ae690150748f0edc30791c1eea0c537d6cdf3d587170fbd3b9ec2623.json (using temp file C:\repo\siigo\target\site\serenity\b0524c84ae690150748f0edc30791c1eea0c537d6cdf3d587170fbd3b9ec2623.jsona07c2c4e-ac89-4821-8c95-062f7658e1e4)
01:57:29.653 [pool-1-thread-1] DEBUG net.thucydides.core.reports.ReportService - Processing test outcome Carrito de compras:Modificar pedido desde la bolsa de productos done
01:57:29.653 [Test worker] DEBUG net.thucydides.core.reports.ReportService - Shutting down executor service
01:57:29.654 [Test worker] DEBUG net.thucydides.core.reports.ReportService - Reports generated in: 27 ms
01:57:29.654 [Test worker] DEBUG net.thucydides.core.reports.ReportService - Generating reports for 1 test outcomes using: net.thucydides.core.reports.html.HtmlAcceptanceTestReporter@26b63f38
01:57:29.654 [pool-2-thread-1] DEBUG net.thucydides.core.reports.ReportService - Processing test outcome Carrito de compras:Modificar pedido desde la bolsa de productos
01:57:29.654 [pool-2-thread-1] INFO net.thucydides.core.reports.ReportService - net.thucydides.core.reports.html.HtmlAcceptanceTestReporter@26b63f38: Generating report for test outcome: Carrito de compras:Modificar pedido desde la bolsa de productos
01:57:29.665 [pool-2-thread-1] DEBUG net.thucydides.core.requirements.PackageRequirementsTagProvider - Loading requirements from package requirements at: starter
01:57:29.966 [pool-2-thread-1] DEBUG net.thucydides.core.requirements.model.cucumber.CucumberParser - Added feature Carrito de compras
01:57:29.971 [pool-2-thread-1] DEBUG net.thucydides.core.requirements.BaseRequirementsService - Requirement found for test outcome Modificar pedido desde la bolsa de productos-[]: Optional[Requirement{name='Carrito de compras', type='feature' parent = 'null', cardNumber='null'}]
01:57:29.973 [pool-2-thread-1] DEBUG net.thucydides.core.requirements.BaseRequirementsService - Requirement found for test outcome Modificar pedido desde la bolsa de productos-[]: Optional[Requirement{name='Carrito de compras', type='feature' parent = 'null', cardNumber='null'}]
01:57:29.991 [pool-2-thread-1] DEBUG net.thucydides.core.requirements.BaseRequirementsService - Requirement found for test outcome Modificar pedido desde la bolsa de productos-[]: Optional[Requirement{name='Carrito de compras', type='feature' parent = 'null', cardNumber='null'}]
01:57:29.991 [pool-2-thread-1] DEBUG net.thucydides.core.requirements.BaseRequirementsService - Requirement found for test outcome Modificar pedido desde la bolsa de productos-[]: Optional[Requirement{name='Carrito de compras', type='feature' parent = 'null', cardNumber='null'}]
01:57:29.993 [pool-2-thread-1] DEBUG serenity.reporting - Generating report in b0524c84ae690150748f0edc30791c1eea0c537d6cdf3d587170fbd3b9ec2623_screenshots.html
01:57:30.263 [pool-2-thread-1] DEBUG serenity.reporting - Generated report b0524c84ae690150748f0edc30791c1eea0c537d6cdf3d587170fbd3b9ec2623_screenshots.html in 270 ms
01:57:30.266 [pool-2-thread-1] DEBUG serenity.reporting - Generating report in b0524c84ae690150748f0edc30791c1eea0c537d6cdf3d587170fbd3b9ec2623.html
01:57:30.716 [pool-2-thread-1] DEBUG serenity.reporting - Generated report b0524c84ae690150748f0edc30791c1eea0c537d6cdf3d587170fbd3b9ec2623.html in 450 ms
01:57:30.716 [pool-2-thread-1] DEBUG net.thucydides.core.reports.ReportService - Processing test outcome Carrito de compras:Modificar pedido desde la bolsa de productos done
01:57:30.716 [Test worker] DEBUG net.thucydides.core.reports.ReportService - Shutting down executor service
01:57:30.716 [Test worker] DEBUG net.thucydides.core.reports.ReportService - Reports generated in: 1062 ms
01:57:30.840 [Test worker] INFO io.cucumber.core.plugin.SerenityReporter - Cleanup test resources for URI file:///C:/repo/siigo/src/test/resources/features/carrito_de_compras.feature
01:57:30.841 [Test worker] DEBUG net.serenitybdd.core.photography.Darkroom - Closing darkroom
01:57:30.841 [Darkroom Processing Line] DEBUG net.serenitybdd.core.photography.DarkroomProcessingLine - Darkroom processing line shutting down
]]></system-out>
  <system-err><![CDATA[]]></system-err>
</testsuite>
